[LOG] System::create                           : Header version = 2.02.20. Current version = 2.02.20.
[LOG] Manager::init                            : maxchannels = 256 studioflags = 00000006 flags 00000000 extradriverdata 0000000000000000.
[LOG] SystemI::init                            : Initialize version=20220 (139317), maxchannels=256, flags=0x00020000
[LOG] SystemI::setOutputInternal               : Setting output to 'FMOD WASAPI Output'
[LOG] OutputWASAPI::init                       : Mix Format (WAVEFORMATEX): wFormatTag=0xFFFE, nChannels=2, nSamplesPerSec=48000, nAvgBytesPerSec=384000, nBlockAlign=8, wBitsPerSample=32, cbSize=22.
[LOG] OutputWASAPI::init                       : Mix Format (WAVEFORMATEXTENSIBLE): wValidBitsPerSample=32, dwChannelMask=0x00000003, SubFormat=00000003-0000-0010-8000-00AA00389B71.
[LOG] OutputWASAPI::init                       : Output buffer size: 4096 samples, latency: 0.00ms, period: 10.00ms, DSP buffer: 1024 * 4
[LOG] Thread::initThread                       : Init FMOD stream thread. Affinity: 0x4000000000000003, Priority: 0xFFFF7FFB, Stack Size: 98304, Semaphore: No, Sleep Time: 10, Looping: Yes.
[LOG] Thread::initThread                       : Init FMOD mixer thread. Affinity: 0x4000000000000001, Priority: 0xFFFF7FFA, Stack Size: 81920, Semaphore: No, Sleep Time: 0, Looping: Yes.
[LOG] AsyncManager::init                       : manager 000002ABE7A7D748 isAsync 0 updatePeriod 0.02
[LOG] AsyncManager::init                       : done
[LOG] PlaybackSystem::init                     : 
[LOG] Thread::initThread                       : Init FMOD Studio sample load thread. Affinity: 0x4000000000000003, Priority: 0xFFFF7FFD, Stack Size: 98304, Semaphore: No, Sleep Time: 1, Looping: No.
[LOG] PlaybackSystem::init                     : done
[LOG] Thread::initThread                       : Init FMOD Studio bank load thread. Affinity: 0x4000000000000003, Priority: 0xFFFF7FFD, Stack Size: 98304, Semaphore: No, Sleep Time: 1, Looping: No.
[LOG] Manager::init                            : done.
[LOG] Manager::readBank                        : fileversion = 142, compatVersion = 140 (oldest = 44, newest = 142)
[LOG] Manager::readBank                        : fileversion = 142, compatVersion = 140 (oldest = 44, newest = 142)
[LOG] Manager::readBank                        : fileversion = 142, compatVersion = 140 (oldest = 44, newest = 142)
[LOG] PlaybackSystem::acquireMasterBus         : Setting master channel group format to 6
[LOG] Manager::readBank                        : fileversion = 142, compatVersion = 140 (oldest = 44, newest = 142)
[LOG] SystemI::createSoundInternal             : Create name='', mode=0x02000202
[LOG] SystemI::createSoundInternal             : exinfo->cbsize             = 224
[LOG] SystemI::createSoundInternal             : exinfo->length             = 686432
[LOG] SystemI::createSoundInternal             : exinfo->fileoffset         = 64352
[LOG] SystemI::createSoundInternal             : exinfo->numsubsounds       = 1
[LOG] SystemI::createSoundInternal             : exinfo->inclusionlist      = 000000AA867FF3B8
[LOG] SystemI::createSoundInternal             : exinfo->inclusionlistnum   = 1
[LOG] SystemI::createSoundInternal             : exinfo->suggestedsoundtype = 5
[LOG] SystemI::createSoundInternal             : exinfo->useropen           = 00007FFAE6373F70
[LOG] SystemI::createSoundInternal             : exinfo->userclose          = 00007FFAE6373F30
[LOG] SystemI::createSoundInternal             : exinfo->userread           = 00007FFAE6374050
[LOG] SystemI::createSoundInternal             : exinfo->userseek           = 00007FFAE6374110
[LOG] SystemI::createSoundInternal             : exinfo->fileuserdata       = 000002AA54C88CE8
[LOG] SystemI::createSoundInternal             : exinfo->initialseekpostype = 1
[LOG] SystemI::DSPCodecPoolRegister            : register codec pool for pool type 5
[LOG] SystemI::createSoundInternal             : Sample 0/1: name='jump_03', format=5, channels=2, frequency=48000, lengthbytes=2304, lengthpcm=9260, pcmblocksize=0, loopstart=0, loopend=0, mode=0x00000000, channelmask=0x00000000, channelorder=0, peakvolume=0.623724.
[LOG] SystemI::createSoundInternal             : Create name='', mode=0x02000202
[LOG] SystemI::createSoundInternal             : exinfo->cbsize             = 224
[LOG] SystemI::createSoundInternal             : exinfo->length             = 686432
[LOG] SystemI::createSoundInternal             : exinfo->fileoffset         = 64352
[LOG] SystemI::createSoundInternal             : exinfo->numsubsounds       = 1
[LOG] SystemI::createSoundInternal             : exinfo->inclusionlist      = 000000AA867FF3B8
[LOG] SystemI::createSoundInternal             : exinfo->inclusionlistnum   = 1
[LOG] SystemI::createSoundInternal             : exinfo->suggestedsoundtype = 5
[LOG] SystemI::createSoundInternal             : exinfo->useropen           = 00007FFAE6373F70
[LOG] SystemI::createSoundInternal             : exinfo->userclose          = 00007FFAE6373F30
[LOG] SystemI::createSoundInternal             : exinfo->userread           = 00007FFAE6374050
[LOG] SystemI::createSoundInternal             : exinfo->userseek           = 00007FFAE6374110
[LOG] SystemI::createSoundInternal             : exinfo->fileuserdata       = 000002AA54C88CE8
[LOG] SystemI::createSoundInternal             : exinfo->initialseekpostype = 1
[LOG] SystemI::DSPCodecPoolRegister            : register codec pool for pool type 5
[LOG] SystemI::createSoundInternal             : Sample 0/1: name='ShugoJump_03', format=5, channels=2, frequency=48000, lengthbytes=2048, lengthpcm=7988, pcmblocksize=0, loopstart=0, loopend=0, mode=0x00000000, channelmask=0x00000000, channelorder=0, peakvolume=0.282104.
[LOG] SystemI::createSoundInternal             : Create name='', mode=0x02000202
[LOG] SystemI::createSoundInternal             : exinfo->cbsize             = 224
[LOG] SystemI::createSoundInternal             : exinfo->length             = 686432
[LOG] SystemI::createSoundInternal             : exinfo->fileoffset         = 64352
[LOG] SystemI::createSoundInternal             : exinfo->numsubsounds       = 1
[LOG] SystemI::createSoundInternal             : exinfo->inclusionlist      = 000000AA867FF3B8
[LOG] SystemI::createSoundInternal             : exinfo->inclusionlistnum   = 1
[LOG] SystemI::createSoundInternal             : exinfo->suggestedsoundtype = 5
[LOG] SystemI::createSoundInternal             : exinfo->useropen           = 00007FFAE6373F70
[LOG] SystemI::createSoundInternal             : exinfo->userclose          = 00007FFAE6373F30
[LOG] SystemI::createSoundInternal             : exinfo->userread           = 00007FFAE6374050
[LOG] SystemI::createSoundInternal             : exinfo->userseek           = 00007FFAE6374110
[LOG] SystemI::createSoundInternal             : exinfo->fileuserdata       = 000002AA54C88CE8
[LOG] SystemI::createSoundInternal             : exinfo->initialseekpostype = 1
[LOG] SystemI::DSPCodecPoolRegister            : register codec pool for pool type 5
[LOG] SystemI::createSoundInternal             : Sample 0/1: name='ShugoJump_02', format=5, channels=2, frequency=48000, lengthbytes=2240, lengthpcm=10200, pcmblocksize=0, loopstart=0, loopend=0, mode=0x00000000, channelmask=0x00000000, channelorder=0, peakvolume=0.366760.
[LOG] SystemI::createSoundInternal             : Create name='', mode=0x02000202
[LOG] SystemI::createSoundInternal             : exinfo->cbsize             = 224
[LOG] SystemI::createSoundInternal             : exinfo->length             = 686432
[LOG] SystemI::createSoundInternal             : exinfo->fileoffset         = 64352
[LOG] SystemI::createSoundInternal             : exinfo->numsubsounds       = 1
[LOG] SystemI::createSoundInternal             : exinfo->inclusionlist      = 000000AA867FF3B8
[LOG] SystemI::createSoundInternal             : exinfo->inclusionlistnum   = 1
[LOG] SystemI::createSoundInternal             : exinfo->suggestedsoundtype = 5
[LOG] SystemI::createSoundInternal             : exinfo->useropen           = 00007FFAE6373F70
[LOG] SystemI::createSoundInternal             : exinfo->userclose          = 00007FFAE6373F30
[LOG] SystemI::createSoundInternal             : exinfo->userread           = 00007FFAE6374050
[LOG] SystemI::createSoundInternal             : exinfo->userseek           = 00007FFAE6374110
[LOG] SystemI::createSoundInternal             : exinfo->fileuserdata       = 000002AA54C88CE8
[LOG] SystemI::createSoundInternal             : exinfo->initialseekpostype = 1
[LOG] SystemI::DSPCodecPoolRegister            : register codec pool for pool type 5
[LOG] SystemI::createSoundInternal             : Sample 0/1: name='ShugoJump_04', format=5, channels=2, frequency=48000, lengthbytes=2048, lengthpcm=9482, pcmblocksize=0, loopstart=0, loopend=0, mode=0x00000000, channelmask=0x00000000, channelorder=0, peakvolume=0.373322.
[LOG] SystemI::createSoundInternal             : Create name='', mode=0x02000202
[LOG] SystemI::createSoundInternal             : exinfo->cbsize             = 224
[LOG] SystemI::createSoundInternal             : exinfo->length             = 686432
[LOG] SystemI::createSoundInternal             : exinfo->fileoffset         = 64352
[LOG] SystemI::createSoundInternal             : exinfo->numsubsounds       = 1
[LOG] SystemI::createSoundInternal             : exinfo->inclusionlist      = 000000AA867FF3B8
[LOG] SystemI::createSoundInternal             : exinfo->inclusionlistnum   = 1
[LOG] SystemI::createSoundInternal             : exinfo->suggestedsoundtype = 5
[LOG] SystemI::createSoundInternal             : exinfo->useropen           = 00007FFAE6373F70
[LOG] SystemI::createSoundInternal             : exinfo->userclose          = 00007FFAE6373F30
[LOG] SystemI::createSoundInternal             : exinfo->userread           = 00007FFAE6374050
[LOG] SystemI::createSoundInternal             : exinfo->userseek           = 00007FFAE6374110
[LOG] SystemI::createSoundInternal             : exinfo->fileuserdata       = 000002AA54C88CE8
[LOG] SystemI::createSoundInternal             : exinfo->initialseekpostype = 1
[LOG] SystemI::DSPCodecPoolRegister            : register codec pool for pool type 5
[LOG] SystemI::createSoundInternal             : Sample 0/1: name='jump_02', format=5, channels=2, frequency=48000, lengthbytes=2528, lengthpcm=10417, pcmblocksize=0, loopstart=0, loopend=0, mode=0x00000000, channelmask=0x00000000, channelorder=0, peakvolume=0.684143.
[LOG] SystemI::createSoundInternal             : Create name='', mode=0x02000202
[LOG] SystemI::createSoundInternal             : exinfo->cbsize             = 224
[LOG] SystemI::createSoundInternal             : exinfo->length             = 686432
[LOG] SystemI::createSoundInternal             : exinfo->fileoffset         = 64352
[LOG] SystemI::createSoundInternal             : exinfo->numsubsounds       = 1
[LOG] SystemI::createSoundInternal             : exinfo->inclusionlist      = 000000AA867FF3B8
[LOG] SystemI::createSoundInternal             : exinfo->inclusionlistnum   = 1
[LOG] SystemI::createSoundInternal             : exinfo->suggestedsoundtype = 5
[LOG] SystemI::createSoundInternal             : exinfo->useropen           = 00007FFAE6373F70
[LOG] SystemI::createSoundInternal             : exinfo->userclose          = 00007FFAE6373F30
[LOG] SystemI::createSoundInternal             : exinfo->userread           = 00007FFAE6374050
[LOG] SystemI::createSoundInternal             : exinfo->userseek           = 00007FFAE6374110
[LOG] SystemI::createSoundInternal             : exinfo->fileuserdata       = 000002AA54C88CE8
[LOG] SystemI::createSoundInternal             : exinfo->initialseekpostype = 1
[LOG] SystemI::DSPCodecPoolRegister            : register codec pool for pool type 5
[LOG] SystemI::createSoundInternal             : Sample 0/1: name='jump_04', format=5, channels=2, frequency=48000, lengthbytes=2880, lengthpcm=13311, pcmblocksize=0, loopstart=0, loopend=0, mode=0x00000000, channelmask=0x00000000, channelorder=0, peakvolume=0.340444.
[LOG] SystemI::createSoundInternal             : Create name='', mode=0x02000202
[LOG] SystemI::createSoundInternal             : exinfo->cbsize             = 224
[LOG] SystemI::createSoundInternal             : exinfo->length             = 686432
[LOG] SystemI::createSoundInternal             : exinfo->fileoffset         = 64352
[LOG] SystemI::createSoundInternal             : exinfo->numsubsounds       = 1
[LOG] SystemI::createSoundInternal             : exinfo->inclusionlist      = 000000AA867FF3B8
[LOG] SystemI::createSoundInternal             : exinfo->inclusionlistnum   = 1
[LOG] SystemI::createSoundInternal             : exinfo->suggestedsoundtype = 5
[LOG] SystemI::createSoundInternal             : exinfo->useropen           = 00007FFAE6373F70
[LOG] SystemI::createSoundInternal             : exinfo->userclose          = 00007FFAE6373F30
[LOG] SystemI::createSoundInternal             : exinfo->userread           = 00007FFAE6374050
[LOG] SystemI::createSoundInternal             : exinfo->userseek           = 00007FFAE6374110
[LOG] SystemI::createSoundInternal             : exinfo->fileuserdata       = 000002AA54C88CE8
[LOG] SystemI::createSoundInternal             : exinfo->initialseekpostype = 1
[LOG] SystemI::DSPCodecPoolRegister            : register codec pool for pool type 5
[LOG] SystemI::createSoundInternal             : Sample 0/1: name='jump_01', format=5, channels=2, frequency=48000, lengthbytes=2112, lengthpcm=7523, pcmblocksize=0, loopstart=0, loopend=0, mode=0x00000000, channelmask=0x00000000, channelorder=0, peakvolume=0.684824.
[LOG] SystemI::createSoundInternal             : Create name='', mode=0x02000202
[LOG] SystemI::createSoundInternal             : exinfo->cbsize             = 224
[LOG] SystemI::createSoundInternal             : exinfo->length             = 686432
[LOG] SystemI::createSoundInternal             : exinfo->fileoffset         = 64352
[LOG] SystemI::createSoundInternal             : exinfo->numsubsounds       = 1
[LOG] SystemI::createSoundInternal             : exinfo->inclusionlist      = 000000AA867FF3B8
[LOG] SystemI::createSoundInternal             : exinfo->inclusionlistnum   = 1
[LOG] SystemI::createSoundInternal             : exinfo->suggestedsoundtype = 5
[LOG] SystemI::createSoundInternal             : exinfo->useropen           = 00007FFAE6373F70
[LOG] SystemI::createSoundInternal             : exinfo->userclose          = 00007FFAE6373F30
[LOG] SystemI::createSoundInternal             : exinfo->userread           = 00007FFAE6374050
[LOG] SystemI::createSoundInternal             : exinfo->userseek           = 00007FFAE6374110
[LOG] SystemI::createSoundInternal             : exinfo->fileuserdata       = 000002AA54C88CE8
[LOG] SystemI::createSoundInternal             : exinfo->initialseekpostype = 1
[LOG] SystemI::DSPCodecPoolRegister            : register codec pool for pool type 5
[LOG] SystemI::createSoundInternal             : Sample 0/1: name='ShugoJump_01', format=5, channels=2, frequency=48000, lengthbytes=1888, lengthpcm=8643, pcmblocksize=0, loopstart=0, loopend=0, mode=0x00000000, channelmask=0x00000000, channelorder=0, peakvolume=0.482391.
[LOG] SystemI::createSoundInternal             : Create name='', mode=0x02000202
[LOG] SystemI::createSoundInternal             : exinfo->cbsize             = 224
[LOG] SystemI::createSoundInternal             : exinfo->length             = 686432
[LOG] SystemI::createSoundInternal             : exinfo->fileoffset         = 64352
[LOG] SystemI::createSoundInternal             : exinfo->numsubsounds       = 1
[LOG] SystemI::createSoundInternal             : exinfo->inclusionlist      = 000000AA867FF3B8
[LOG] SystemI::createSoundInternal             : exinfo->inclusionlistnum   = 1
[LOG] SystemI::createSoundInternal             : exinfo->suggestedsoundtype = 5
[LOG] SystemI::createSoundInternal             : exinfo->useropen           = 00007FFAE6373F70
[LOG] SystemI::createSoundInternal             : exinfo->userclose          = 00007FFAE6373F30
[LOG] SystemI::createSoundInternal             : exinfo->userread           = 00007FFAE6374050
[LOG] SystemI::createSoundInternal             : exinfo->userseek           = 00007FFAE6374110
[LOG] SystemI::createSoundInternal             : exinfo->fileuserdata       = 000002AA54C8FA38
[LOG] SystemI::createSoundInternal             : exinfo->initialseekpostype = 1
[LOG] SystemI::DSPCodecPoolRegister            : register codec pool for pool type 5
[LOG] SystemI::createSoundInternal             : Sample 0/1: name='PlayerHurt_01', format=5, channels=2, frequency=48000, lengthbytes=32512, lengthpcm=147693, pcmblocksize=0, loopstart=0, loopend=0, mode=0x00000000, channelmask=0x00000000, channelorder=0, peakvolume=0.503624.
[LOG] SystemI::createSoundInternal             : Create name='', mode=0x02000202
[LOG] SystemI::createSoundInternal             : exinfo->cbsize             = 224
[LOG] SystemI::createSoundInternal             : exinfo->length             = 686432
[LOG] SystemI::createSoundInternal             : exinfo->fileoffset         = 64352
[LOG] SystemI::createSoundInternal             : exinfo->numsubsounds       = 1
[LOG] SystemI::createSoundInternal             : exinfo->inclusionlist      = 000000AA867FF3B8
[LOG] SystemI::createSoundInternal             : exinfo->inclusionlistnum   = 1
[LOG] SystemI::createSoundInternal             : exinfo->suggestedsoundtype = 5
[LOG] SystemI::createSoundInternal             : exinfo->useropen           = 00007FFAE6373F70
[LOG] SystemI::createSoundInternal             : exinfo->userclose          = 00007FFAE6373F30
[LOG] SystemI::createSoundInternal             : exinfo->userread           = 00007FFAE6374050
[LOG] SystemI::createSoundInternal             : exinfo->userseek           = 00007FFAE6374110
[LOG] SystemI::createSoundInternal             : exinfo->fileuserdata       = 000002AA54C8FA38
[LOG] SystemI::createSoundInternal             : exinfo->initialseekpostype = 1
[LOG] SystemI::DSPCodecPoolRegister            : register codec pool for pool type 5
[LOG] SystemI::createSoundInternal             : Sample 0/1: name='PlayerHurt_02', format=5, channels=2, frequency=48000, lengthbytes=33152, lengthpcm=169714, pcmblocksize=0, loopstart=0, loopend=0, mode=0x00000000, channelmask=0x00000000, channelorder=0, peakvolume=0.537086.
[LOG] SystemI::createSoundInternal             : Create name='', mode=0x02000202
[LOG] SystemI::createSoundInternal             : exinfo->cbsize             = 224
[LOG] SystemI::createSoundInternal             : exinfo->length             = 686432
[LOG] SystemI::createSoundInternal             : exinfo->fileoffset         = 64352
[LOG] SystemI::createSoundInternal             : exinfo->numsubsounds       = 1
[LOG] SystemI::createSoundInternal             : exinfo->inclusionlist      = 000000AA867FF3B8
[LOG] SystemI::createSoundInternal             : exinfo->inclusionlistnum   = 1
[LOG] SystemI::createSoundInternal             : exinfo->suggestedsoundtype = 5
[LOG] SystemI::createSoundInternal             : exinfo->useropen           = 00007FFAE6373F70
[LOG] SystemI::createSoundInternal             : exinfo->userclose          = 00007FFAE6373F30
[LOG] SystemI::createSoundInternal             : exinfo->userread           = 00007FFAE6374050
[LOG] SystemI::createSoundInternal             : exinfo->userseek           = 00007FFAE6374110
[LOG] SystemI::createSoundInternal             : exinfo->fileuserdata       = 000002AA54C8FA38
[LOG] SystemI::createSoundInternal             : exinfo->initialseekpostype = 1
[LOG] SystemI::DSPCodecPoolRegister            : register codec pool for pool type 5
[LOG] SystemI::createSoundInternal             : Sample 0/1: name='PlayerHurt_03', format=5, channels=2, frequency=48000, lengthbytes=41056, lengthpcm=208071, pcmblocksize=0, loopstart=0, loopend=0, mode=0x00000000, channelmask=0x00000000, channelorder=0, peakvolume=0.679199.
[LOG] SystemI::createSoundInternal             : Create name='', mode=0x02000202
[LOG] SystemI::createSoundInternal             : exinfo->cbsize             = 224
[LOG] SystemI::createSoundInternal             : exinfo->length             = 686432
[LOG] SystemI::createSoundInternal             : exinfo->fileoffset         = 64352
[LOG] SystemI::createSoundInternal             : exinfo->numsubsounds       = 1
[LOG] SystemI::createSoundInternal             : exinfo->inclusionlist      = 000000AA867FF3B8
[LOG] SystemI::createSoundInternal             : exinfo->inclusionlistnum   = 1
[LOG] SystemI::createSoundInternal             : exinfo->suggestedsoundtype = 5
[LOG] SystemI::createSoundInternal             : exinfo->useropen           = 00007FFAE6373F70
[LOG] SystemI::createSoundInternal             : exinfo->userclose          = 00007FFAE6373F30
[LOG] SystemI::createSoundInternal             : exinfo->userread           = 00007FFAE6374050
[LOG] SystemI::createSoundInternal             : exinfo->userseek           = 00007FFAE6374110
[LOG] SystemI::createSoundInternal             : exinfo->fileuserdata       = 000002AA54C89318
[LOG] SystemI::createSoundInternal             : exinfo->initialseekpostype = 1
[LOG] SystemI::DSPCodecPoolRegister            : register codec pool for pool type 5
[LOG] SystemI::createSoundInternal             : Sample 0/1: name='ShugoRoar', format=5, channels=2, frequency=48000, lengthbytes=15360, lengthpcm=67551, pcmblocksize=0, loopstart=0, loopend=0, mode=0x00000000, channelmask=0x00000000, channelorder=0, peakvolume=0.905060.
[LOG] SystemI::createSoundInternal             : Create name='', mode=0x02000202
[LOG] SystemI::createSoundInternal             : exinfo->cbsize             = 224
[LOG] SystemI::createSoundInternal             : exinfo->length             = 686432
[LOG] SystemI::createSoundInternal             : exinfo->fileoffset         = 64352
[LOG] SystemI::createSoundInternal             : exinfo->numsubsounds       = 1
[LOG] SystemI::createSoundInternal             : exinfo->inclusionlist      = 000000AA867FF3B8
[LOG] SystemI::createSoundInternal             : exinfo->inclusionlistnum   = 1
[LOG] SystemI::createSoundInternal             : exinfo->suggestedsoundtype = 5
[LOG] SystemI::createSoundInternal             : exinfo->useropen           = 00007FFAE6373F70
[LOG] SystemI::createSoundInternal             : exinfo->userclose          = 00007FFAE6373F30
[LOG] SystemI::createSoundInternal             : exinfo->userread           = 00007FFAE6374050
[LOG] SystemI::createSoundInternal             : exinfo->userseek           = 00007FFAE6374110
[LOG] SystemI::createSoundInternal             : exinfo->fileuserdata       = 000002AA54C89318
[LOG] SystemI::createSoundInternal             : exinfo->initialseekpostype = 1
[LOG] SystemI::DSPCodecPoolRegister            : register codec pool for pool type 5
[LOG] SystemI::createSoundInternal             : Sample 0/1: name='BanditSpawn', format=5, channels=2, frequency=48000, lengthbytes=11040, lengthpcm=58284, pcmblocksize=0, loopstart=0, loopend=0, mode=0x00000000, channelmask=0x00000000, channelorder=0, peakvolume=0.278290.
[LOG] SoundI::release                          :  (000002A9AB4A6D18)
[LOG] SoundI::release                          :     ButtonHover_01 (000002AA9B3B2E78)
[LOG] SoundI::release                          :  (000002AA50022078)
[LOG] SoundI::release                          :     GateClose_01 (000002AB83015D48)
[LOG] SoundI::release                          :  (000002AA50022D68)
[LOG] SoundI::release                          :     GateClose_02 (000002AB83014D08)
[LOG] SoundI::release                          :  (000002AA3FC05388)
[LOG] SoundI::release                          :     ShugoSakeChug (000002AB83015BA8)
[LOG] SoundI::release                          :  (000002AA6FA851E8)
[LOG] SoundI::release                          :     ShugoFireSpew_01 (000002ABE595FC08)
[LOG] SoundI::release                          :  (000002AA6FA84F08)
[LOG] SoundI::release                          :     ShugoFireSpew_02 (000002ABE595F728)
[LOG] SoundI::release                          :  (000002AA6FA857A8)
[LOG] SoundI::release                          :     ShugoFireSpew_03 (000002ABE595FA68)
[LOG] SoundI::release                          :  (000002AA3FC050A8)
[LOG] SoundI::release                          :     KunaiThrow_03 (000002ABE5D443A8)
[LOG] SoundI::release                          :  (000002AA3FC04DC8)
[LOG] SoundI::release                          :     KunaiThrow_04 (000002ABE5D44208)
[LOG] SoundI::release                          :  (000002AA3F1B8668)
[LOG] SoundI::release                          :     KunaiThrow_02 (000002ABE5D44888)
[LOG] SoundI::release                          :  (000002AA3FC04F38)
[LOG] SoundI::release                          :     KunaiThrow_01 (000002ABE5D44068)
[LOG] SoundI::release                          :  (000002AA3F1B80A8)
[LOG] SoundI::release                          :     ShugoHurt_01 (000002ABE5D45728)
[LOG] SoundI::release                          :  (000002AA3F1B8948)
[LOG] SoundI::release                          :     ShugoHurt_02 (000002ABE595F3E8)
[LOG] SoundI::release                          :  (000002AA3F1B8AB8)
[LOG] SoundI::release                          :     ShugoHurt_03 (000002ABE595EF08)
[LOG] SoundI::release                          :  (000002AA3F1B8C28)
[LOG] SoundI::release                          :     ShugoHurt_04 (000002ABE595F0A8)
[LOG] SoundI::release                          :  (000002AA6FA85078)
[LOG] SoundI::release                          :     FireballLoop (000002ABED8CADF8)
[LOG] SoundI::release                          :  (000002AA6FA84D98)
[LOG] SoundI::release                          :     Hurt_01 (000002ABE595E6E8)
[LOG] SoundI::release                          :  (000002AA3F1B87D8)
[LOG] SoundI::release                          :     Hurt_02 (000002ABE5D45C08)
[LOG] SoundI::release                          :  (000002AA3F1B8218)
[LOG] SoundI::release                          :     Hurt_03 (000002ABE5D450A8)
[LOG] SoundI::release                          :  (000002AA3F1B8388)
[LOG] SoundI::release                          :     Hurt_04 (000002ABE595E208)
[LOG] SoundI::release                          :  (000002AA3F1B84F8)
[LOG] SoundI::release                          :     Hurt_05 (000002ABE595ED68)
[LOG] SoundI::release                          :  (000002AA3F1B8D98)
[LOG] SoundI::release                          :     Hurt_06 (000002ABE5D44D68)
[LOG] SoundI::release                          :  (000002AA50022918)
[LOG] SoundI::release                          :     Footstep_01 (000002AA6A94CAD8)
[LOG] SoundI::release                          :  (000002AA50022A88)
[LOG] SoundI::release                          :     Footstep_02 (000002AA6A94CC78)
[LOG] SoundI::release                          :  (000002AA500221E8)
[LOG] SoundI::release                          :     Footstep_03 (000002AA6A94C5F8)
[LOG] SoundI::release                          :  (000002AA50022638)
[LOG] SoundI::release                          :     Footstep_04 (000002AA9B3B3018)
[LOG] SoundI::release                          :  (000002AA50022BF8)
[LOG] SoundI::release                          :     Footstep_05 (000002AA6A94CE18)
[LOG] SoundI::release                          :  (000002AA500227A8)
[LOG] SoundI::release                          :     Footstep_06 (000002AA6A94C2B8)
[LOG] SystemI::createSoundInternal             : Create name='', mode=0x02000202
[LOG] SystemI::createSoundInternal             : exinfo->cbsize             = 224
[LOG] SystemI::createSoundInternal             : exinfo->length             = 686432
[LOG] SystemI::createSoundInternal             : exinfo->fileoffset         = 64352
[LOG] SystemI::createSoundInternal             : exinfo->numsubsounds       = 1
[LOG] SystemI::createSoundInternal             : exinfo->inclusionlist      = 000000AA867FF3B8
[LOG] SystemI::createSoundInternal             : exinfo->inclusionlistnum   = 1
[LOG] SystemI::createSoundInternal             : exinfo->suggestedsoundtype = 5
[LOG] SystemI::createSoundInternal             : exinfo->useropen           = 00007FFAE6373F70
[LOG] SystemI::createSoundInternal             : exinfo->userclose          = 00007FFAE6373F30
[LOG] SystemI::createSoundInternal             : exinfo->userread           = 00007FFAE6374050
[LOG] SystemI::createSoundInternal             : exinfo->userseek           = 00007FFAE6374110
[LOG] SystemI::createSoundInternal             : exinfo->fileuserdata       = 000002A9AB4AD6E8
[LOG] SystemI::createSoundInternal             : exinfo->initialseekpostype = 1
[LOG] SystemI::DSPCodecPoolRegister            : register codec pool for pool type 5
[LOG] SystemI::createSoundInternal             : Sample 0/1: name='FireballThrow_04', format=5, channels=2, frequency=48000, lengthbytes=4640, lengthpcm=19357, pcmblocksize=0, loopstart=0, loopend=0, mode=0x00000000, channelmask=0x00000000, channelorder=0, peakvolume=0.707000.
[LOG] SystemI::createSoundInternal             : Create name='', mode=0x02000202
[LOG] SystemI::createSoundInternal             : exinfo->cbsize             = 224
[LOG] SystemI::createSoundInternal             : exinfo->length             = 686432
[LOG] SystemI::createSoundInternal             : exinfo->fileoffset         = 64352
[LOG] SystemI::createSoundInternal             : exinfo->numsubsounds       = 1
[LOG] SystemI::createSoundInternal             : exinfo->inclusionlist      = 000000AA867FF3B8
[LOG] SystemI::createSoundInternal             : exinfo->inclusionlistnum   = 1
[LOG] SystemI::createSoundInternal             : exinfo->suggestedsoundtype = 5
[LOG] SystemI::createSoundInternal             : exinfo->useropen           = 00007FFAE6373F70
[LOG] SystemI::createSoundInternal             : exinfo->userclose          = 00007FFAE6373F30
[LOG] SystemI::createSoundInternal             : exinfo->userread           = 00007FFAE6374050
[LOG] SystemI::createSoundInternal             : exinfo->userseek           = 00007FFAE6374110
[LOG] SystemI::createSoundInternal             : exinfo->fileuserdata       = 000002A9AB4AD6E8
[LOG] SystemI::createSoundInternal             : exinfo->initialseekpostype = 1
[LOG] SystemI::DSPCodecPoolRegister            : register codec pool for pool type 5
[LOG] SystemI::createSoundInternal             : Sample 0/1: name='FireballThrow_01', format=5, channels=2, frequency=48000, lengthbytes=5952, lengthpcm=18978, pcmblocksize=0, loopstart=0, loopend=0, mode=0x00000000, channelmask=0x00000000, channelorder=0, peakvolume=0.707000.
[LOG] SystemI::createSoundInternal             : Create name='', mode=0x02000202
[LOG] SystemI::createSoundInternal             : exinfo->cbsize             = 224
[LOG] SystemI::createSoundInternal             : exinfo->length             = 686432
[LOG] SystemI::createSoundInternal             : exinfo->fileoffset         = 64352
[LOG] SystemI::createSoundInternal             : exinfo->numsubsounds       = 1
[LOG] SystemI::createSoundInternal             : exinfo->inclusionlist      = 000000AA867FF3B8
[LOG] SystemI::createSoundInternal             : exinfo->inclusionlistnum   = 1
[LOG] SystemI::createSoundInternal             : exinfo->suggestedsoundtype = 5
[LOG] SystemI::createSoundInternal             : exinfo->useropen           = 00007FFAE6373F70
[LOG] SystemI::createSoundInternal             : exinfo->userclose          = 00007FFAE6373F30
[LOG] SystemI::createSoundInternal             : exinfo->userread           = 00007FFAE6374050
[LOG] SystemI::createSoundInternal             : exinfo->userseek           = 00007FFAE6374110
[LOG] SystemI::createSoundInternal             : exinfo->fileuserdata       = 000002A9AB4AD6E8
[LOG] SystemI::createSoundInternal             : exinfo->initialseekpostype = 1
[LOG] SystemI::DSPCodecPoolRegister            : register codec pool for pool type 5
[LOG] SystemI::createSoundInternal             : Sample 0/1: name='FireballThrow_03', format=5, channels=2, frequency=48000, lengthbytes=6304, lengthpcm=23406, pcmblocksize=0, loopstart=0, loopend=0, mode=0x00000000, channelmask=0x00000000, channelorder=0, peakvolume=0.707000.
[LOG] SystemI::createSoundInternal             : Create name='', mode=0x02000202
[LOG] SystemI::createSoundInternal             : exinfo->cbsize             = 224
[LOG] SystemI::createSoundInternal             : exinfo->length             = 686432
[LOG] SystemI::createSoundInternal             : exinfo->fileoffset         = 64352
[LOG] SystemI::createSoundInternal             : exinfo->numsubsounds       = 1
[LOG] SystemI::createSoundInternal             : exinfo->inclusionlist      = 000000AA867FF3B8
[LOG] SystemI::createSoundInternal             : exinfo->inclusionlistnum   = 1
[LOG] SystemI::createSoundInternal             : exinfo->suggestedsoundtype = 5
[LOG] SystemI::createSoundInternal             : exinfo->useropen           = 00007FFAE6373F70
[LOG] SystemI::createSoundInternal             : exinfo->userclose          = 00007FFAE6373F30
[LOG] SystemI::createSoundInternal             : exinfo->userread           = 00007FFAE6374050
[LOG] SystemI::createSoundInternal             : exinfo->userseek           = 00007FFAE6374110
[LOG] SystemI::createSoundInternal             : exinfo->fileuserdata       = 000002A9AB4AD6E8
[LOG] SystemI::createSoundInternal             : exinfo->initialseekpostype = 1
[LOG] SystemI::DSPCodecPoolRegister            : register codec pool for pool type 5
[LOG] SystemI::createSoundInternal             : Sample 0/1: name='FireballThrow_02', format=5, channels=2, frequency=48000, lengthbytes=5472, lengthpcm=17586, pcmblocksize=0, loopstart=0, loopend=0, mode=0x00000000, channelmask=0x00000000, channelorder=0, peakvolume=0.707000.
[LOG] SystemI::createSoundInternal             : Create name='', mode=0x02000202
[LOG] SystemI::createSoundInternal             : exinfo->cbsize             = 224
[LOG] SystemI::createSoundInternal             : exinfo->length             = 686432
[LOG] SystemI::createSoundInternal             : exinfo->fileoffset         = 64352
[LOG] SystemI::createSoundInternal             : exinfo->numsubsounds       = 1
[LOG] SystemI::createSoundInternal             : exinfo->inclusionlist      = 000000AA867FF3B8
[LOG] SystemI::createSoundInternal             : exinfo->inclusionlistnum   = 1
[LOG] SystemI::createSoundInternal             : exinfo->suggestedsoundtype = 5
[LOG] SystemI::createSoundInternal             : exinfo->useropen           = 00007FFAE6373F70
[LOG] SystemI::createSoundInternal             : exinfo->userclose          = 00007FFAE6373F30
[LOG] SystemI::createSoundInternal             : exinfo->userread           = 00007FFAE6374050
[LOG] SystemI::createSoundInternal             : exinfo->userseek           = 00007FFAE6374110
[LOG] SystemI::createSoundInternal             : exinfo->fileuserdata       = 000002A9AB4AD6E8
[LOG] SystemI::createSoundInternal             : exinfo->initialseekpostype = 1
[LOG] SystemI::DSPCodecPoolRegister            : register codec pool for pool type 5
[LOG] SystemI::createSoundInternal             : Sample 0/1: name='FireballLoop', format=5, channels=2, frequency=48000, lengthbytes=37568, lengthpcm=155121, pcmblocksize=0, loopstart=0, loopend=0, mode=0x00000000, channelmask=0x00000000, channelorder=0, peakvolume=0.097137.
[LOG] SystemI::createSoundInternal             : Create name='', mode=0x02000202
[LOG] SystemI::createSoundInternal             : exinfo->cbsize             = 224
[LOG] SystemI::createSoundInternal             : exinfo->length             = 686432
[LOG] SystemI::createSoundInternal             : exinfo->fileoffset         = 64352
[LOG] SystemI::createSoundInternal             : exinfo->numsubsounds       = 1
[LOG] SystemI::createSoundInternal             : exinfo->inclusionlist      = 000000AA867FF3B8
[LOG] SystemI::createSoundInternal             : exinfo->inclusionlistnum   = 1
[LOG] SystemI::createSoundInternal             : exinfo->suggestedsoundtype = 5
[LOG] SystemI::createSoundInternal             : exinfo->useropen           = 00007FFAE6373F70
[LOG] SystemI::createSoundInternal             : exinfo->userclose          = 00007FFAE6373F30
[LOG] SystemI::createSoundInternal             : exinfo->userread           = 00007FFAE6374050
[LOG] SystemI::createSoundInternal             : exinfo->userseek           = 00007FFAE6374110
[LOG] SystemI::createSoundInternal             : exinfo->fileuserdata       = 000002A9AB4AD6E8
[LOG] SystemI::createSoundInternal             : exinfo->initialseekpostype = 1
[LOG] SystemI::DSPCodecPoolRegister            : register codec pool for pool type 5
[LOG] SystemI::createSoundInternal             : Sample 0/1: name='BanditDeath_01', format=5, channels=2, frequency=48000, lengthbytes=15488, lengthpcm=51762, pcmblocksize=0, loopstart=0, loopend=0, mode=0x00000000, channelmask=0x00000000, channelorder=0, peakvolume=0.371643.
[LOG] SystemI::createSoundInternal             : Create name='', mode=0x02000202
[LOG] SystemI::createSoundInternal             : exinfo->cbsize             = 224
[LOG] SystemI::createSoundInternal             : exinfo->length             = 686432
[LOG] SystemI::createSoundInternal             : exinfo->fileoffset         = 64352
[LOG] SystemI::createSoundInternal             : exinfo->numsubsounds       = 1
[LOG] SystemI::createSoundInternal             : exinfo->inclusionlist      = 000000AA867FF3B8
[LOG] SystemI::createSoundInternal             : exinfo->inclusionlistnum   = 1
[LOG] SystemI::createSoundInternal             : exinfo->suggestedsoundtype = 5
[LOG] SystemI::createSoundInternal             : exinfo->useropen           = 00007FFAE6373F70
[LOG] SystemI::createSoundInternal             : exinfo->userclose          = 00007FFAE6373F30
[LOG] SystemI::createSoundInternal             : exinfo->userread           = 00007FFAE6374050
[LOG] SystemI::createSoundInternal             : exinfo->userseek           = 00007FFAE6374110
[LOG] SystemI::createSoundInternal             : exinfo->fileuserdata       = 000002A9AB4AD6E8
[LOG] SystemI::createSoundInternal             : exinfo->initialseekpostype = 1
[LOG] SystemI::DSPCodecPoolRegister            : register codec pool for pool type 5
[LOG] SystemI::createSoundInternal             : Sample 0/1: name='BanditDeath_02', format=5, channels=2, frequency=48000, lengthbytes=9632, lengthpcm=31157, pcmblocksize=0, loopstart=0, loopend=0, mode=0x00000000, channelmask=0x00000000, channelorder=0, peakvolume=0.596344.
[LOG] SystemI::createSoundInternal             : Create name='', mode=0x02000202
[LOG] SystemI::createSoundInternal             : exinfo->cbsize             = 224
[LOG] SystemI::createSoundInternal             : exinfo->length             = 686432
[LOG] SystemI::createSoundInternal             : exinfo->fileoffset         = 64352
[LOG] SystemI::createSoundInternal             : exinfo->numsubsounds       = 1
[LOG] SystemI::createSoundInternal             : exinfo->inclusionlist      = 000000AA867FF3B8
[LOG] SystemI::createSoundInternal             : exinfo->inclusionlistnum   = 1
[LOG] SystemI::createSoundInternal             : exinfo->suggestedsoundtype = 5
[LOG] SystemI::createSoundInternal             : exinfo->useropen           = 00007FFAE6373F70
[LOG] SystemI::createSoundInternal             : exinfo->userclose          = 00007FFAE6373F30
[LOG] SystemI::createSoundInternal             : exinfo->userread           = 00007FFAE6374050
[LOG] SystemI::createSoundInternal             : exinfo->userseek           = 00007FFAE6374110
[LOG] SystemI::createSoundInternal             : exinfo->fileuserdata       = 000002A9AB4AD6E8
[LOG] SystemI::createSoundInternal             : exinfo->initialseekpostype = 1
[LOG] SystemI::DSPCodecPoolRegister            : register codec pool for pool type 5
[LOG] SystemI::createSoundInternal             : Sample 0/1: name='BanditDeath_04', format=5, channels=2, frequency=48000, lengthbytes=16896, lengthpcm=57951, pcmblocksize=0, loopstart=0, loopend=0, mode=0x00000000, channelmask=0x00000000, channelorder=0, peakvolume=0.568848.
[LOG] SystemI::createSoundInternal             : Create name='', mode=0x02000202
[LOG] SystemI::createSoundInternal             : exinfo->cbsize             = 224
[LOG] SystemI::createSoundInternal             : exinfo->length             = 686432
[LOG] SystemI::createSoundInternal             : exinfo->fileoffset         = 64352
[LOG] SystemI::createSoundInternal             : exinfo->numsubsounds       = 1
[LOG] SystemI::createSoundInternal             : exinfo->inclusionlist      = 000000AA867FF3B8
[LOG] SystemI::createSoundInternal             : exinfo->inclusionlistnum   = 1
[LOG] SystemI::createSoundInternal             : exinfo->suggestedsoundtype = 5
[LOG] SystemI::createSoundInternal             : exinfo->useropen           = 00007FFAE6373F70
[LOG] SystemI::createSoundInternal             : exinfo->userclose          = 00007FFAE6373F30
[LOG] SystemI::createSoundInternal             : exinfo->userread           = 00007FFAE6374050
[LOG] SystemI::createSoundInternal             : exinfo->userseek           = 00007FFAE6374110
[LOG] SystemI::createSoundInternal             : exinfo->fileuserdata       = 000002A9AB4AD6E8
[LOG] SystemI::createSoundInternal             : exinfo->initialseekpostype = 1
[LOG] SystemI::DSPCodecPoolRegister            : register codec pool for pool type 5
[LOG] SystemI::createSoundInternal             : Sample 0/1: name='BanditDeath_03', format=5, channels=2, frequency=48000, lengthbytes=8736, lengthpcm=29819, pcmblocksize=0, loopstart=0, loopend=0, mode=0x00000000, channelmask=0x00000000, channelorder=0, peakvolume=0.397491.
[LOG] SoundI::release                          :  (000002AA6FA854C8)
[LOG] SoundI::release                          :     CriticalHealth_01 (000002ABED8CB7B8)
[LOG] SoundI::release                          :  (000002AA6FA85358)
[LOG] SoundI::release                          :     CriticalHealth_02 (000002ABED8CAAB8)
[LOG] SoundI::release                          :  (000002AA6FA85638)
[LOG] SoundI::release                          :     CriticalHealth_03 (000002ABED8CAC58)
[LOG] SoundI::release                          :  (000002AA418B2DC8)
[LOG] SoundI::release                          :     BanditSpawn (000002ABE7A38958)
[LOG] SoundI::release                          :  (000002AA418B2AE8)
[LOG] SoundI::release                          :     ShugoRoar (000002ABE7A38478)
[LOG] SoundI::release                          :  (000002AA418B2808)
[LOG] SoundI::release                          :     PlayerHurt_01 (000002AB2EAB88D8)
[LOG] SoundI::release                          :  (000002AA418B2248)
[LOG] SoundI::release                          :     PlayerHurt_02 (000002AC1A33E9B8)
[LOG] SoundI::release                          : AmbientWinter_02 (000002AA6A987A48)
[LOG] SoundI::release                          :     AmbientWinter_02 (000002AA91047AA8)
[LOG] SoundI::release                          :     AmbientWinter_02 (000002AC1960B938)
[LOG] SoundI::release                          : AmbientWind (000002AA90DBA648)
[LOG] SoundI::release                          :     AmbientWind (000002AA91047768)
[LOG] SoundI::release                          :     AmbientWind (000002AC6D01C3E8)
[LOG] SoundI::release                          : Disgraced Hatamoto_SecondPhase (000002AA90DBAEB8)
[LOG] SoundI::release                          :     Disgraced Hatamoto_SecondPhase (000002AA6F4E2E78)
[LOG] SoundI::release                          :     Disgraced Hatamoto_SecondPhase (000002AC6D01C238)
[LOG] SoundI::release                          : Disgraced Hatamoto (000002AA90DBAB58)
[LOG] SoundI::release                          :     Disgraced Hatamoto (000002AA6F4E2998)
[LOG] SoundI::release                          :     Disgraced Hatamoto (000002AC6D01C748)
[LOG] SoundI::release                          :  (000002AA418B2698)
[LOG] SoundI::release                          :     PlayerHurt_03 (000002AC1A33DFF8)
[LOG] SoundI::release                          :  (000002AC1C84E1E8)
[LOG] SoundI::release                          :     FireballThrow_01 (000002AB5A71F498)
[LOG] SoundI::release                          :  (000002AC1C84E078)
[LOG] SoundI::release                          :     FireballThrow_02 (000002AB5A1A23B8)
[LOG] SoundI::release                          :  (000002AC1C84ED68)
[LOG] SoundI::release                          :     FireballThrow_03 (000002AB5A71F7D8)
[LOG] SoundI::release                          :  (000002AC1C84E7A8)
[LOG] SoundI::release                          :     FireballThrow_04 (000002AB5A71FE58)
[LOG] SoundI::release                          :  (000002AC1C84E358)
[LOG] SoundI::release                          :     FireballLoop (000002AA3F1B8DA8)
[LOG] SoundI::release                          :  (000002AC1C84E638)
[LOG] SoundI::release                          :     BanditDeath_01 (000002AA3F1B8C08)
[LOG] SoundI::release                          :  (000002AC1C84E918)
[LOG] SoundI::release                          :     BanditDeath_02 (000002AA3F1B8248)
[LOG] SoundI::release                          :  (000002AA916A2018)
[LOG] SoundI::release                          :     BanditDeath_03 (000002AA6A8815E8)
[LOG] SoundI::release                          :  (000002AA916A2188)
[LOG] SoundI::release                          :     BanditDeath_04 (000002AA3F1B83E8)
[LOG] SoundI::release                          :  (000002AA3FC04AE8)
[LOG] SoundI::release                          :     Dash_01 (000002AB83015A08)
[LOG] SoundI::release                          :  (000002AA3FC05668)
[LOG] SoundI::release                          :     Dash_02 (000002ABE5D44A28)
[LOG] SoundI::release                          :  (000002AA3FC054F8)
[LOG] SoundI::release                          :     Dash_03 (000002ABE5D45588)
[LOG] SoundI::release                          :  (000002AA3FC04C58)
[LOG] SoundI::release                          :     Dash_04 (000002AB830156C8)
[LOG] SoundI::release                          :  (000002AB5AC33088)
[LOG] SoundI::release                          :     FireballHit_01 (000002ABED8CB958)
[LOG] SoundI::release                          :  (000002AA6FA85918)
[LOG] SoundI::release                          :     FireballHit_02 (000002ABED8CA438)
[LOG] SoundI::release                          :  (000002AA6FA84C28)
[LOG] SoundI::release                          :     FireballHit_03 (000002ABED8CB2D8)
[LOG] SoundI::release                          :  (000002AA40AF9D18)
[LOG] SoundI::release                          :     ShugoJump_01 (000002AB2EAB9438)
[LOG] SoundI::release                          :  (000002AA6F4C5868)
[LOG] SoundI::release                          :     ShugoJump_02 (000002AA52160568)
[LOG] SoundI::release                          :  (000002AA6F4C52A8)
[LOG] SoundI::release                          :     ShugoJump_03 (000002AA52160228)
[LOG] SoundI::release                          :  (000002AA6F4C5B48)
[LOG] SoundI::release                          :     ShugoJump_04 (000002AA9159EEE8)
[LOG] SoundI::release                          :  (000002AA40AF9A38)
[LOG] SoundI::release                          :     jump_01 (000002AA9159F708)
[LOG] SoundI::release                          :  (000002AA6F4C5418)
[LOG] SoundI::release                          :     jump_02 (000002AA9159ED48)
[LOG] SoundI::release                          :  (000002AA6F4C59D8)
[LOG] SoundI::release                          :     jump_03 (000002AA52160088)
[LOG] SoundI::release                          :  (000002AA40AF9BA8)
[LOG] SoundI::release                          :     jump_04 (000002AA9159F3C8)
[LOG] SoundI::release                          :  (000002AA500224C8)
[LOG] SoundI::release                          :     land_01 (000002AB83015EE8)
[LOG] SoundI::release                          :  (000002AA3FC057D8)
[LOG] SoundI::release                          :     land_02 (000002AB83015388)
[LOG] SoundI::release                          :  (000002AA50022358)
[LOG] SoundI::release                          :     land_03 (000002AB83014EA8)
[LOG] SoundI::release                          :  (000002AA3FC05218)
[LOG] SoundI::release                          :     land_04 (000002AB83014688)
[LOG] Thread::callback                         : FMOD Studio update thread finished.
[LOG] Thread::callback                         : FMOD Studio bank load thread finished.
[LOG] Profile::disconnectAll                   : Profiler disconnecting all clients
[LOG] Thread::callback                         : FMOD Studio sample load thread finished.
[LOG] LiveUpdate::release                      : 
[LOG] LiveUpdate::reset                        : Reset connection (reason Disconnected)
[LOG] Thread::callback                         : FMOD stream thread finished.
[LOG] Thread::callback                         : FMOD mixer thread finished.
[LOG] Profile::disconnectAll                   : Profiler disconnecting all clients
[LOG] SystemI::close                           : Closed.
